
ROM used:   104/16384 (1%)
            104/16384 (1%) including unused fragments

            0.1 Average locations per line
            13.0 Average locations per statement

RAM used:   5/768 (1%) at main() level
            6/768 (1%) worst case

Stack used: 1 worst case (1 in main + 0 for interrupts)
Stack size: 31

Lines Stmts  %   Files
----- ----- ---  -----
   17     8 100  Led blink 18f2431.c
   13     0   0  Led blink 18f2431.h
  863     0   0  C:\Program Files (x86)\PICC\Devices\18F2431.h
----- -----
  893     8 Total

Page ROM  %  RAM   Vol Diff  Functions:
---- --- --- ---   --- ----  ----------
0     38  18    1             @delay_ms1
0     62  30    1   163  2.2  main
 Inline         0             @cinit1

Program metrics:
    Functions               1
    Statements              8
    Comments                162
    Volume (V)              167
    Difficulty (D)          2.0
    Effort to implement (E) 334
    Time to implement (T)   0 minutes
    Est Delivered Bugs (B)  0
    Cyclomatic Complexity   1
    Maintainability (MI)    149

 Segment     Used  Free
-----------  ----  ----
00000-00002     4  0  
00004-03FFE   100  16280  



